<?xml version="1.0" encoding="UTF-8"?><testrun name="TestLowestSalaryEmloyee" project="BigExercise2LePhuongThanh" tests="10" started="10" failures="1" errors="0" ignored="0">
  <testsuite name="handlingStream.TestLowestSalaryEmloyee" time="0.053">
    <testcase name="testLowestSalaryEmloyee10" classname="handlingStream.TestLowestSalaryEmloyee" time="0.029"/>
    <testcase name="testLowestSalaryEmloyee1" classname="handlingStream.TestLowestSalaryEmloyee" time="0.0"/>
    <testcase name="testLowestSalaryEmloyee2" classname="handlingStream.TestLowestSalaryEmloyee" time="0.0"/>
    <testcase name="testLowestSalaryEmloyee3" classname="handlingStream.TestLowestSalaryEmloyee" time="0.0"/>
    <testcase name="testLowestSalaryEmloyee4" classname="handlingStream.TestLowestSalaryEmloyee" time="0.0"/>
    <testcase name="testLowestSalaryEmloyee5" classname="handlingStream.TestLowestSalaryEmloyee" time="0.02">
      <failure>java.lang.AssertionError: expected:&lt;3.4E7&gt; but was:&lt;2000000.0&gt;&#13;
	at org.junit.Assert.fail(Assert.java:88)&#13;
	at org.junit.Assert.failNotEquals(Assert.java:743)&#13;
	at org.junit.Assert.assertEquals(Assert.java:494)&#13;
	at org.junit.Assert.assertEquals(Assert.java:592)&#13;
	at handlingStream.TestLowestSalaryEmloyee.testLowestSalaryEmloyee5(TestLowestSalaryEmloyee.java:145)&#13;
	at sun.reflect.NativeMethodAccessorImpl.invoke0(Native Method)&#13;
	at sun.reflect.NativeMethodAccessorImpl.invoke(Unknown Source)&#13;
	at sun.reflect.DelegatingMethodAccessorImpl.invoke(Unknown Source)&#13;
	at java.lang.reflect.Method.invoke(Unknown Source)&#13;
	at org.junit.runners.model.FrameworkMethod$1.runReflectiveCall(FrameworkMethod.java:47)&#13;
	at org.junit.internal.runners.model.ReflectiveCallable.run(ReflectiveCallable.java:12)&#13;
	at org.junit.runners.model.FrameworkMethod.invokeExplosively(FrameworkMethod.java:44)&#13;
	at org.junit.internal.runners.statements.InvokeMethod.evaluate(InvokeMethod.java:17)&#13;
	at org.junit.runners.ParentRunner.runLeaf(ParentRunner.java:271)&#13;
	at org.junit.runners.BlockJUnit4ClassRunner.runChild(BlockJUnit4ClassRunner.java:70)&#13;
	at org.junit.runners.BlockJUnit4ClassRunner.runChild(BlockJUnit4ClassRunner.java:50)&#13;
	at org.junit.runners.ParentRunner$3.run(ParentRunner.java:238)&#13;
	at org.junit.runners.ParentRunner$1.schedule(ParentRunner.java:63)&#13;
	at org.junit.runners.ParentRunner.runChildren(ParentRunner.java:236)&#13;
	at org.junit.runners.ParentRunner.access$000(ParentRunner.java:53)&#13;
	at org.junit.runners.ParentRunner$2.evaluate(ParentRunner.java:229)&#13;
	at org.junit.runners.ParentRunner.run(ParentRunner.java:309)&#13;
	at org.eclipse.jdt.internal.junit4.runner.JUnit4TestReference.run(JUnit4TestReference.java:50)&#13;
	at org.eclipse.jdt.internal.junit.runner.TestExecution.run(TestExecution.java:38)&#13;
	at org.eclipse.jdt.internal.junit.runner.RemoteTestRunner.runTests(RemoteTestRunner.java:459)&#13;
	at org.eclipse.jdt.internal.junit.runner.RemoteTestRunner.runTests(RemoteTestRunner.java:675)&#13;
	at org.eclipse.jdt.internal.junit.runner.RemoteTestRunner.run(RemoteTestRunner.java:382)&#13;
	at org.eclipse.jdt.internal.junit.runner.RemoteTestRunner.main(RemoteTestRunner.java:192)&#13;
&#13;
</failure>
    </testcase>
    <testcase name="testLowestSalaryEmloyee6" classname="handlingStream.TestLowestSalaryEmloyee" time="0.001"/>
    <testcase name="testLowestSalaryEmloyee7" classname="handlingStream.TestLowestSalaryEmloyee" time="0.001"/>
    <testcase name="testLowestSalaryEmloyee8" classname="handlingStream.TestLowestSalaryEmloyee" time="0.001"/>
    <testcase name="testLowestSalaryEmloyee9" classname="handlingStream.TestLowestSalaryEmloyee" time="0.001"/>
  </testsuite>
</testrun>
